<?xml version="1.0" encoding="UTF-8"?>
<!-- Generated by org.testng.reporters.JUnitXMLReporter -->
<testsuite ignored="2" hostname="DESKTOP-OI28FFF" failures="1" tests="2" name="Car Loan" time="0.014" errors="0" timestamp="2022-11-11T23:55:14 GMT-05:00">
  <testcase classname="test.day3" name="RestAPILoginCarloan" time="0.002"/>
  <testcase classname="test.day3" name="WebLoginCarloan" time="0.0">
    <failure type="org.testng.TestNGException" message="
Parameter &amp;apos;URL&amp;apos; is required by @Test on method WebLoginCarloan but has not been marked @Optional or defined
in C:\Users\Manju\eclipse-workspace\TestNGTutorial\testng1.xml">
      <![CDATA[org.testng.TestNGException: 
Parameter 'URL' is required by @Test on method WebLoginCarloan but has not been marked @Optional or defined
in C:\Users\Manju\eclipse-workspace\TestNGTutorial\testng1.xml
at java.base/java.util.ArrayList.forEach(ArrayList.java:1511)
... Removed 26 stack frames]]>
    </failure>
  </testcase> <!-- WebLoginCarloan -->
  <testcase classname="test.day3" name="mobileLoginCarloan3" time="0.0">
    <ignored/>
  </testcase> <!-- mobileLoginCarloan3 -->
  <testcase classname="test.day3" name="mobileLoginCarloan2" time="0.0">
    <ignored/>
  </testcase> <!-- mobileLoginCarloan2 -->
</testsuite> <!-- Car Loan -->
