<?xml version="1.0" encoding="UTF-8"?>
<!-- Generated by org.testng.reporters.JUnitXMLReporter -->
<testsuite ignored="0" hostname="DESKTOP-OI28FFF" failures="0" tests="5" name="Home Loan" time="0.056" errors="0" timestamp="2022-11-09T16:31:27 GMT-05:00">
  <testcase classname="test.day3" name="MobileLoginCarloan" time="0.003"/>
  <testcase classname="test.day3" name="MobileLoginCarloan2" time="0.003"/>
  <testcase classname="test.day3" name="MobileLoginCarloan3" time="0.007"/>
  <testcase classname="test.day3" name="RestAPILoginCarloan" time="0.003"/>
  <testcase classname="test.day3" name="WebLoginCarloan" time="0.008"/>
</testsuite> <!-- Home Loan -->
