<?xml version="1.0" encoding="UTF-8"?>
<!-- Generated by org.testng.reporters.JUnitXMLReporter -->
<testsuite ignored="7" hostname="DESKTOP-OI28FFF" failures="0" tests="2" name="Loan" time="0.081" errors="0" timestamp="2022-11-11T23:56:14 GMT-05:00">
  <testcase classname="test.day4" name="WebLoginHomeloan" time="0.015"/>
  <testcase classname="test.day3" name="mobileLoginCarloan3" time="0.003"/>
  <testcase classname="test.day4" name="MobileLoginHomeloan" time="0.0">
    <ignored/>
  </testcase> <!-- MobileLoginHomeloan -->
  <testcase classname="test.day3" name="mobileLoginCarloan2" time="0.0">
    <ignored/>
  </testcase> <!-- mobileLoginCarloan2 -->
  <testcase classname="test.day2" name="ploanLogin" time="0.0">
    <ignored/>
  </testcase> <!-- ploanLogin -->
  <testcase classname="test.day1" name="SecondDemo" time="0.0">
    <ignored/>
  </testcase> <!-- SecondDemo -->
  <testcase classname="test.day3" name="WebLoginCarloan" time="0.0">
    <ignored/>
  </testcase> <!-- WebLoginCarloan -->
  <testcase classname="test.day3" name="RestAPILoginCarloan" time="0.0">
    <ignored/>
  </testcase> <!-- RestAPILoginCarloan -->
  <testcase classname="test.day1" name="Demo" time="0.0">
    <ignored/>
  </testcase> <!-- Demo -->
</testsuite> <!-- Loan -->
