<?xml version="1.0" encoding="UTF-8"?>
<!-- Generated by org.testng.reporters.JUnitXMLReporter -->
<testsuite ignored="1" hostname="DESKTOP-OI28FFF" failures="1" tests="4" name="Personal Loan" time="0.137" errors="0" timestamp="2022-11-11T23:55:14 GMT-05:00">
  <testcase classname="test.day1" name="Demo" time="0.022">
    <failure type="java.lang.AssertionError" message="expected [true] but found [false]">
      <![CDATA[java.lang.AssertionError: expected [true] but found [false]
at test.day1.Demo(day1.java:11)
at java.base/java.util.ArrayList.forEach(ArrayList.java:1511)
... Removed 31 stack frames]]>
    </failure>
  </testcase> <!-- Demo -->
  <testcase classname="test.day2" name="ploanLogin" time="0.005"/>
  <testcase classname="test.day2" name="ploanLogin" time="0.004"/>
  <testcase classname="test.day2" name="ploanLogin" time="0.004"/>
  <testcase classname="test.day1" name="SecondDemo" time="0.0">
    <ignored/>
  </testcase> <!-- SecondDemo -->
</testsuite> <!-- Personal Loan -->
