<?xml version="1.0" encoding="UTF-8"?>
<testng-results ignored="7" total="9" passed="2" failed="0" skipped="0">
  <reporter-output>
  </reporter-output>
  <suite started-at="2022-11-11T23:56:14 GMT-05:00" name="Suite" finished-at="2022-11-11T23:56:14 GMT-05:00" duration-ms="81">
    <groups>
      <group name="Smoke">
        <method signature="day3.mobileLoginCarloan3()[pri:0, instance:test.day3@27f981c6]" name="mobileLoginCarloan3" class="test.day3"/>
        <method signature="day4.WebLoginHomeloan()[pri:0, instance:test.day4@26e356f0]" name="WebLoginHomeloan" class="test.day4"/>
      </group> <!-- Smoke -->
    </groups>
    <test started-at="2022-11-11T23:56:14 GMT-05:00" name="Loan" finished-at="2022-11-11T23:56:14 GMT-05:00" duration-ms="81">
      <class name="test.day4">
        <test-method signature="WebLoginHomeloan()[pri:0, instance:test.day4@26e356f0]" started-at="2022-11-11T23:56:14 GMT-05:00" name="WebLoginHomeloan" finished-at="2022-11-11T23:56:14 GMT-05:00" duration-ms="15" status="PASS">
          <reporter-output>
          </reporter-output>
        </test-method> <!-- WebLoginHomeloan -->
      </class> <!-- test.day4 -->
      <class name="test.day3">
        <test-method signature="mobileLoginCarloan3()[pri:0, instance:test.day3@27f981c6]" started-at="2022-11-11T23:56:14 GMT-05:00" name="mobileLoginCarloan3" finished-at="2022-11-11T23:56:14 GMT-05:00" duration-ms="3" status="PASS">
          <reporter-output>
          </reporter-output>
        </test-method> <!-- mobileLoginCarloan3 -->
      </class> <!-- test.day3 -->
    </test> <!-- Loan -->
  </suite> <!-- Suite -->
</testng-results>
